Arguments: 
  C:\Program Files\nodejs\node.exe C:\Users\DMurill1\AppData\Roaming\npm\node_modules\yarn\bin\yarn.js add nodemon -g

PATH: 
  C:\Windows\system32;C:\Windows;C:\Windows\System32\Wbem;C:\Windows\System32\WindowsPowerShell\v1.0\;C:\Program Files\Common Files\Hitachi ID\;C:\Program Files\Intel\WiFi\bin\;C:\Program Files\Common Files\Intel\WirelessCommon\;C:\Program Files (x86)\Common Files\Hitachi ID\;C:\Program Files (x86)\Microsoft SQL Server\Client SDK\ODBC\130\Tools\Binn\;C:\Program Files (x86)\Microsoft SQL Server\130\Tools\Binn\;C:\Program Files (x86)\Microsoft SQL Server\130\DTS\Binn\;C:\Program Files (x86)\Microsoft SQL Server\130\Tools\Binn\ManagementStudio\;C:\Users\DMurill1\AppData\Local\Programs\Git\cmd;C:\Program Files\nodejs\;C:\Program Files (x86)\Skype\Phone\;C:\Program Files\MongoDB\Server\3.4\bin;C:\Users\DMurill1\AppData\Local\Microsoft\WindowsApps;C:\Users\DMurill1\AppData\Local\Programs\Git\cmd;C:\Program Files\Heroku\bin;C:\Users\DMurill1\AppData\Roaming\npm;C:\Program Files (x86)\Microsoft VS Code\bin;C:\Users\DMurill1\AppData\Local\GitHubDesktop\bin

Yarn version: 
  0.27.5

Node version: 
  7.7.2

Platform: 
  win32 x64

npm manifest: 
  {
    "name": "nytreactsearch",
    "version": "1.0.0",
    "description": "",
    "main": "index.js",
    "scripts": {
      "test": "echo \"Error: no test specified\" && exit 1"
    },
    "repository": {
      "type": "git",
      "url": "git+https://github.com/DanielFMurillo/NYTReactSearch.git"
    },
    "author": "",
    "license": "ISC",
    "bugs": {
      "url": "https://github.com/DanielFMurillo/NYTReactSearch/issues"
    },
    "homepage": "https://github.com/DanielFMurillo/NYTReactSearch#readme",
    "dependencies": {
      "axios": "^0.16.2",
      "bluebird": "^3.5.0",
      "body-parser": "^1.17.2",
      "cheerio": "^1.0.0-rc.2",
      "express": "^4.15.4",
      "mongoose": "^4.11.10",
      "path": "^0.12.7",
      "react": "^15.6.1",
      "react-dom": "^15.6.1",
      "react-router": "^4.2.0",
      "request": "^2.81.0"
    },
    "devDependencies": {
      "babel-cli": "^6.26.0",
      "babel-core": "^6.26.0",
      "babel-loader": "^7.1.2",
      "babel-preset-es2015": "^6.24.1",
      "babel-preset-react": "^6.24.1",
      "babel-preset-stage-2": "^6.24.1",
      "nodemon": "^1.12.0",
      "webpack": "^3.5.5"
    }
  }

yarn manifest: 
  No manifest

Lockfile: 
  No lockfile

Trace: 
  Error: https://registry.yarnpkg.com/lodash/-/lodash-4.17.4.tgz: ESOCKETTIMEDOUT
      at ClientRequest.<anonymous> (C:\Users\DMurill1\AppData\Roaming\npm\node_modules\yarn\node_modules\request\request.js:819:19)
      at Object.onceWrapper (events.js:293:19)
      at emitNone (events.js:86:13)
      at ClientRequest.emit (events.js:188:7)
      at TLSSocket.emitTimeout (_http_client.js:679:10)
      at Object.onceWrapper (events.js:293:19)
      at emitNone (events.js:86:13)
      at TLSSocket.emit (events.js:188:7)
      at TLSSocket.Socket._onTimeout (net.js:354:8)
      at ontimeout (timers.js:380:14)
